<?xml version="1.0" encoding="UTF-8"?>
<coverage generated="1631754880428" clover="3.2.0">
  <project timestamp="1631754880429" name="All files">
    <metrics statements="14" coveredstatements="14" conditionals="0" coveredconditionals="0" methods="6" coveredmethods="6" elements="20" coveredelements="20" complexity="0" loc="14" ncloc="14" packages="4" files="6" classes="6"/>
    <package name="common.tests">
      <metrics statements="3" coveredstatements="3" conditionals="0" coveredconditionals="0" methods="1" coveredmethods="1"/>
      <file name="errors.ts" path="T:\Pessoal\chatboost\src\common\tests\errors.ts">
        <metrics statements="2" coveredstatements="2" conditionals="0" coveredconditionals="0" methods="1" coveredmethods="1"/>
        <line num="1" count="1" type="stmt"/>
        <line num="2" count="1" type="stmt"/>
      </file>
      <file name="index.ts" path="T:\Pessoal\chatboost\src\common\tests\index.ts">
        <metrics statements="1" coveredstatements="1" conditionals="0" coveredconditionals="0" methods="0" coveredmethods="0"/>
        <line num="1" count="1" type="stmt"/>
      </file>
    </package>
    <package name="services.mocks">
      <metrics statements="3" coveredstatements="3" conditionals="0" coveredconditionals="0" methods="2" coveredmethods="2"/>
      <file name="dialogflow.ts" path="T:\Pessoal\chatboost\src\services\mocks\dialogflow.ts">
        <metrics statements="3" coveredstatements="3" conditionals="0" coveredconditionals="0" methods="2" coveredmethods="2"/>
        <line num="3" count="1" type="stmt"/>
        <line num="6" count="2" type="stmt"/>
        <line num="10" count="3" type="stmt"/>
      </file>
    </package>
    <package name="usecases.common">
      <metrics statements="2" coveredstatements="2" conditionals="0" coveredconditionals="0" methods="1" coveredmethods="1"/>
      <file name="index.ts" path="T:\Pessoal\chatboost\src\usecases\common\index.ts">
        <metrics statements="1" coveredstatements="1" conditionals="0" coveredconditionals="0" methods="0" coveredmethods="0"/>
        <line num="1" count="1" type="stmt"/>
      </file>
      <file name="usecase-result.ts" path="T:\Pessoal\chatboost\src\usecases\common\usecase-result.ts">
        <metrics statements="1" coveredstatements="1" conditionals="0" coveredconditionals="0" methods="1" coveredmethods="1"/>
        <line num="1" count="2" type="stmt"/>
      </file>
    </package>
    <package name="usecases.implementations.conversation.start-conversation">
      <metrics statements="6" coveredstatements="6" conditionals="0" coveredconditionals="0" methods="2" coveredmethods="2"/>
      <file name="start-conversation.ts" path="T:\Pessoal\chatboost\src\usecases\implementations\conversation\start-conversation\start-conversation.ts">
        <metrics statements="6" coveredstatements="6" conditionals="0" coveredconditionals="0" methods="2" coveredmethods="2"/>
        <line num="3" count="1" type="stmt"/>
        <line num="9" count="1" type="stmt"/>
        <line num="14" count="3" type="stmt"/>
        <line num="15" count="3" type="stmt"/>
        <line num="19" count="3" type="stmt"/>
        <line num="21" count="2" type="stmt"/>
      </file>
    </package>
  </project>
</coverage>
