{"T:\\Pessoal\\chatboost\\src\\common\\tests\\errors.ts": {"path":"T:\\Pessoal\\chatboost\\src\\common\\tests\\errors.ts","statementMap":{"0":{"start":{"line":1,"column":26},"end":{"line":3,"column":1}},"1":{"start":{"line":2,"column":2},"end":{"line":2,"column":null}},"2":{"start":{"line":1,"column":13},"end":{"line":1,"column":26}}},"fnMap":{"0":{"name":"(anonymous_0)","decl":{"start":{"line":1,"column":26},"end":{"line":1,"column":36}},"loc":{"start":{"line":1,"column":38},"end":{"line":3,"column":1}}}},"branchMap":{},"s":{"0":1,"1":1,"2":1},"f":{"0":1},"b":{}}
,"T:\\Pessoal\\chatboost\\src\\common\\tests\\index.ts": {"path":"T:\\Pessoal\\chatboost\\src\\common\\tests\\index.ts","statementMap":{"0":{"start":{"line":1,"column":0},"end":{"line":1,"column":24}}},"fnMap":{},"branchMap":{},"s":{"0":1},"f":{},"b":{}}
,"T:\\Pessoal\\chatboost\\src\\services\\mocks\\dialogflow.ts": {"path":"T:\\Pessoal\\chatboost\\src\\services\\mocks\\dialogflow.ts","statementMap":{"0":{"start":{"line":3,"column":30},"end":{"line":11,"column":1}},"1":{"start":{"line":6,"column":6},"end":{"line":6,"column":null}},"2":{"start":{"line":10,"column":2},"end":{"line":10,"column":null}},"3":{"start":{"line":3,"column":13},"end":{"line":3,"column":30}}},"fnMap":{"0":{"name":"(anonymous_0)","decl":{"start":{"line":3,"column":30},"end":{"line":3,"column":45}},"loc":{"start":{"line":3,"column":47},"end":{"line":11,"column":1}}},"1":{"name":"(anonymous_1)","decl":{"start":{"line":5,"column":4},"end":{"line":5,"column":9}},"loc":{"start":{"line":5,"column":38},"end":{"line":7,"column":5}}}},"branchMap":{},"s":{"0":1,"1":2,"2":3,"3":1},"f":{"0":3,"1":2},"b":{}}
,"T:\\Pessoal\\chatboost\\src\\usecases\\common\\index.ts": {"path":"T:\\Pessoal\\chatboost\\src\\usecases\\common\\index.ts","statementMap":{"0":{"start":{"line":1,"column":0},"end":{"line":1,"column":32}}},"fnMap":{},"branchMap":{},"s":{"0":1},"f":{},"b":{}}
,"T:\\Pessoal\\chatboost\\src\\usecases\\common\\usecase-result.ts": {"path":"T:\\Pessoal\\chatboost\\src\\usecases\\common\\usecase-result.ts","statementMap":{"0":{"start":{"line":1,"column":22},"end":{"line":1,"column":52}},"1":{"start":{"line":1,"column":43},"end":{"line":1,"column":51}},"2":{"start":{"line":1,"column":13},"end":{"line":1,"column":22}}},"fnMap":{"0":{"name":"(anonymous_0)","decl":{"start":{"line":1,"column":22},"end":{"line":1,"column":23}},"loc":{"start":{"line":1,"column":43},"end":{"line":1,"column":51}}}},"branchMap":{},"s":{"0":1,"1":2,"2":1},"f":{"0":2},"b":{}}
,"T:\\Pessoal\\chatboost\\src\\usecases\\implementations\\conversation\\start-conversation\\start-conversation.ts": {"path":"T:\\Pessoal\\chatboost\\src\\usecases\\implementations\\conversation\\start-conversation\\start-conversation.ts","statementMap":{"0":{"start":{"line":3,"column":0},"end":{"line":3,"column":42}},"1":{"start":{"line":14,"column":4},"end":{"line":14,"column":null}},"2":{"start":{"line":15,"column":4},"end":{"line":15,"column":null}},"3":{"start":{"line":19,"column":20},"end":{"line":19,"column":77}},"4":{"start":{"line":21,"column":4},"end":{"line":21,"column":null}},"5":{"start":{"line":9,"column":0},"end":{"line":9,"column":13}}},"fnMap":{"0":{"name":"(anonymous_0)","decl":{"start":{"line":13,"column":2},"end":{"line":13,"column":15}},"loc":{"start":{"line":13,"column":66},"end":{"line":16,"column":3}}},"1":{"name":"(anonymous_1)","decl":{"start":{"line":18,"column":2},"end":{"line":18,"column":7}},"loc":{"start":{"line":18,"column":15},"end":{"line":22,"column":3}}}},"branchMap":{},"s":{"0":1,"1":3,"2":3,"3":3,"4":2,"5":1},"f":{"0":3,"1":3},"b":{}}
}
